<?xml version="1.0" encoding="UTF-8"?>
<!-- Generated by org.testng.reporters.JUnitReportReporter -->
<testsuite hostname="Smitas-MacBook-Air.local" failures="0" tests="4" name="org.example.WebDriverScript" time="9.368" errors="0" timestamp="2023-04-21T12:55:55 IST" skipped="0">
  <testcase classname="org.example.WebDriverScript" name="radioButton" time="2.053"/>
  <system-out/>
  <testcase classname="org.example.WebDriverScript" name="dropdown" time="2.155"/>
  <system-out/>
  <testcase classname="org.example.WebDriverScript" name="checkBox" time="3.108"/>
  <system-out/>
  <testcase classname="org.example.WebDriverScript" name="selectedAndDisabledButton" time="2.052"/>
  <system-out/>
</testsuite> <!-- org.example.WebDriverScript -->
